<?xml version="1.0" encoding="UTF-8"?>
<!-- Generated by org.testng.reporters.JUnitXMLReporter -->
<testsuite ignored="1" hostname="LAPTOP-N2LL0T35" failures="0" tests="1" name="Default test" time="14.757" errors="0" timestamp="2023-08-02T19:24:34 IST">
  <testcase classname="test.LoginAndForgetPasswordTest" name="loginWithValidCredentials" time="14.694"/>
  <testcase classname="test.LoginAndForgetPasswordTest" name="loginWithInvalidCredentials" time="0.0">
    <ignored/>
  </testcase> <!-- loginWithInvalidCredentials -->
</testsuite> <!-- Default test -->
