<?xml version="1.0" encoding="UTF-8"?>
<testng-results ignored="1" total="2" passed="1" failed="0" skipped="0">
  <reporter-output>
  </reporter-output>
  <suite started-at="2023-08-02T19:24:19 IST" name="Default suite" finished-at="2023-08-02T19:24:34 IST" duration-ms="14757">
    <groups>
    </groups>
    <test started-at="2023-08-02T19:24:19 IST" name="Default test" finished-at="2023-08-02T19:24:34 IST" duration-ms="14757">
      <class name="test.LoginAndForgetPasswordTest">
        <test-method is-config="true" signature="beforeClass()[pri:0, instance:test.LoginAndForgetPasswordTest@706cb08]" started-at="2023-08-02T19:24:19 IST" name="beforeClass" finished-at="2023-08-02T19:24:19 IST" duration-ms="9" status="PASS">
          <reporter-output>
          </reporter-output>
        </test-method> <!-- beforeClass -->
        <test-method signature="loginWithValidCredentials()[pri:0, instance:test.LoginAndForgetPasswordTest@706cb08]" started-at="2023-08-02T19:24:19 IST" name="loginWithValidCredentials" finished-at="2023-08-02T19:24:34 IST" duration-ms="14694" status="PASS">
          <reporter-output>
          </reporter-output>
        </test-method> <!-- loginWithValidCredentials -->
        <test-method is-config="true" signature="afterMethod()[pri:0, instance:test.LoginAndForgetPasswordTest@706cb08]" started-at="2023-08-02T19:24:34 IST" name="afterMethod" finished-at="2023-08-02T19:24:34 IST" duration-ms="0" status="PASS">
          <reporter-output>
          </reporter-output>
        </test-method> <!-- afterMethod -->
      </class> <!-- test.LoginAndForgetPasswordTest -->
    </test> <!-- Default test -->
  </suite> <!-- Default suite -->
</testng-results>
